Using pre-set license
Built from '2020.3/staging' branch; Version is '2020.3.16f1 (049d6eca3c44) revision 302446'; Using compiler version '192528614'; Build Type 'Release'
OS: 'Windows 10 Enterprise; OS build 19042.1165; Version 2009; 64bit' Language: 'en' Physical Memory: 32669 MB
BatchMode: 1, IsHumanControllingUs: 0, StartBugReporterOnCrash: 0, Is64bit: 1, IsPro: 0

 COMMAND LINE ARGUMENTS:
D:\Program Files\Unity\2020.3.16f1\Editor\Unity.exe
-adb2
-batchMode
-noUpm
-name
AssetImportWorker0
-projectPath
D:/Students/Ryan Circelli/Rep/Circelli-SpaceShooter/Circelli-SpaceShooter
-logFile
Logs/AssetImportWorker0.log
-srvPort
60020
Successfully changed project path to: D:/Students/Ryan Circelli/Rep/Circelli-SpaceShooter/Circelli-SpaceShooter
D:/Students/Ryan Circelli/Rep/Circelli-SpaceShooter/Circelli-SpaceShooter
Using Asset Import Pipeline V2.
Refreshing native plugins compatible for Editor in 33.72 ms, found 2 plugins.
Preloading 0 native plugins for Editor in 0.00 ms.
Initialize engine version: 2020.3.16f1 (049d6eca3c44)
[Subsystems] Discovering subsystems at path D:/Program Files/Unity/2020.3.16f1/Editor/Data/Resources/UnitySubsystems
[Subsystems] Discovering subsystems at path D:/Students/Ryan Circelli/Rep/Circelli-SpaceShooter/Circelli-SpaceShooter/Assets
GfxDevice: creating device client; threaded=0
Direct3D:
    Version:  Direct3D 11.0 [level 11.1]
    Renderer: NVIDIA GeForce GTX 1080 (ID=0x1b80)
    Vendor:   
    VRAM:     8079 MB
    Driver:   30.0.14.7168
Initialize mono
Mono path[0] = 'D:/Program Files/Unity/2020.3.16f1/Editor/Data/Managed'
Mono path[1] = 'D:/Program Files/Unity/2020.3.16f1/Editor/Data/MonoBleedingEdge/lib/mono/unityjit'
Mono config path = 'D:/Program Files/Unity/2020.3.16f1/Editor/Data/MonoBleedingEdge/etc'
Using monoOptions --debugger-agent=transport=dt_socket,embedding=1,server=y,suspend=n,address=127.0.0.1:56252
Begin MonoManager ReloadAssembly
Registering precompiled unity dll's ...
Register platform support module: D:/Program Files/Unity/2020.3.16f1/Editor/Data/PlaybackEngines/WebGLSupport/UnityEditor.WebGL.Extensions.dll
Register platform support module: D:/Program Files/Unity/2020.3.16f1/Editor/Data/PlaybackEngines/WindowsStandaloneSupport/UnityEditor.WindowsStandalone.Extensions.dll
Registered in 0.001244 seconds.
Native extension for WindowsStandalone target not found
Native extension for WebGL target not found
Refreshing native plugins compatible for Editor in 27.61 ms, found 2 plugins.
Preloading 0 native plugins for Editor in 0.00 ms.
Mono: successfully reloaded assembly
- Completed reload, in  2.905 seconds
Domain Reload Profiling:
	ReloadAssembly (2905ms)
		BeginReloadAssembly (44ms)
			ExecutionOrderSort (0ms)
			DisableScriptedObjects (0ms)
			BackupInstance (0ms)
			ReleaseScriptingObjects (0ms)
			CreateAndSetChildDomain (1ms)
		EndReloadAssembly (358ms)
			LoadAssemblies (43ms)
			RebuildTransferFunctionScriptingTraits (0ms)
			SetupTypeCache (134ms)
			ReleaseScriptCaches (0ms)
			RebuildScriptCaches (27ms)
			SetupLoadedEditorAssemblies (134ms)
				LogAssemblyErrors (0ms)
				InitializePlatformSupportModulesInManaged (4ms)
				SetLoadedEditorAssemblies (0ms)
				RefreshPlugins (28ms)
				BeforeProcessingInitializeOnLoad (14ms)
				ProcessInitializeOnLoadAttributes (66ms)
				ProcessInitializeOnLoadMethodAttributes (23ms)
				AfterProcessingInitializeOnLoad (0ms)
				EditorAssembliesLoaded (0ms)
			ExecutionOrderSort2 (0ms)
			AwakeInstancesAfterBackupRestoration (0ms)
Platform modules already initialized, skipping
Registering precompiled user dll's ...
Registered in 0.002726 seconds.
Begin MonoManager ReloadAssembly
Native extension for WindowsStandalone target not found
Native extension for WebGL target not found
Refreshing native plugins compatible for Editor in 0.32 ms, found 2 plugins.
Preloading 0 native plugins for Editor in 0.00 ms.
Mono: successfully reloaded assembly
- Completed reload, in  1.003 seconds
Domain Reload Profiling:
	ReloadAssembly (1004ms)
		BeginReloadAssembly (126ms)
			ExecutionOrderSort (0ms)
			DisableScriptedObjects (4ms)
			BackupInstance (0ms)
			ReleaseScriptingObjects (0ms)
			CreateAndSetChildDomain (18ms)
		EndReloadAssembly (828ms)
			LoadAssemblies (70ms)
			RebuildTransferFunctionScriptingTraits (0ms)
			SetupTypeCache (238ms)
			ReleaseScriptCaches (0ms)
			RebuildScriptCaches (42ms)
			SetupLoadedEditorAssemblies (397ms)
				LogAssemblyErrors (0ms)
				InitializePlatformSupportModulesInManaged (5ms)
				SetLoadedEditorAssemblies (0ms)
				RefreshPlugins (0ms)
				BeforeProcessingInitializeOnLoad (61ms)
				ProcessInitializeOnLoadAttributes (325ms)
				ProcessInitializeOnLoadMethodAttributes (3ms)
				AfterProcessingInitializeOnLoad (2ms)
				EditorAssembliesLoaded (0ms)
			ExecutionOrderSort2 (0ms)
			AwakeInstancesAfterBackupRestoration (5ms)
Platform modules already initialized, skipping
========================================================================
Worker process is ready to serve import requests
Launched and connected shader compiler UnityShaderCompiler.exe after 0.05 seconds
Refreshing native plugins compatible for Editor in 0.33 ms, found 2 plugins.
Preloading 0 native plugins for Editor in 0.00 ms.
Unloading 1471 Unused Serialized files (Serialized files now loaded: 0)
System memory in use before: 69.7 MB.
System memory in use after: 69.8 MB.

Unloading 18 unused Assets to reduce memory usage. Loaded Objects now: 1906.
Total: 2.569100 ms (FindLiveObjects: 0.125800 ms CreateObjectMapping: 0.038300 ms MarkObjects: 2.346200 ms  DeleteObjects: 0.057900 ms)

AssetImportParameters requested are different than current active one (requested -> active):
  custom:framework-win-MediaFoundation: 216162199b28c13a410421893ffa2e32 -> 
  custom:video-decoder-ogg-theora: a1e56fd34408186e4bbccfd4996cb3dc -> 
  custom:container-muxer-webm: aa71ff27fc2769a1b78a27578f13a17b -> 
  custom:container-demuxer-webm: 4f35f7cbe854078d1ac9338744f61a02 -> 
  custom:container-demuxer-ogg: 62fdf1f143b41e24485cea50d1cbac27 -> 
  custom:video-encoder-webm-vp8: eb34c28f22e8b96e1ab97ce403110664 -> 
  custom:video-decoder-webm-vp8: 9c59270c3fd7afecdb556c50c9e8de78 -> 
  custom:audio-decoder-ogg-vorbis: bf7c407c2cedff20999df2af8eb42d56 -> 
  custom:audio-encoder-webm-vorbis: bf7c407c2cedff20999df2af8eb42d56 -> 
========================================================================
Received Import Request.
  path: Assets/Prefabs/Enemy.prefab
  artifactKey: Guid(b3a80f891dc05fe46a4f89709afd2fdf) Importer(815301076,1909f56bfc062723c751e8b465ee728b)
Start importing Assets/Prefabs/Enemy.prefab using Guid(b3a80f891dc05fe46a4f89709afd2fdf) Importer(815301076,1909f56bfc062723c751e8b465ee728b)  -> (artifact id: '95a297b8a85c06d057ccc3e296446876') in 0.091277 seconds 
  Import took 0.093698 seconds .

========================================================================
Received Import Request.
  Time since last request: 0.000342 seconds.
  path: Assets/Prefabs/Spawner.prefab
  artifactKey: Guid(d6282fe1891fd12488e0b64d4d0c4f63) Importer(815301076,1909f56bfc062723c751e8b465ee728b)
Start importing Assets/Prefabs/Spawner.prefab using Guid(d6282fe1891fd12488e0b64d4d0c4f63) Importer(815301076,1909f56bfc062723c751e8b465ee728b)  -> (artifact id: 'be6d6365d23d26eea61ccaa25b21d552') in 0.005020 seconds 
  Import took 0.007208 seconds .

========================================================================
Received Import Request.
  Time since last request: 0.000258 seconds.
  path: Assets/Prefabs/Ball_02.prefab
  artifactKey: Guid(8c965a0dae9354f4ca375a2cf86a5a9c) Importer(815301076,1909f56bfc062723c751e8b465ee728b)
Start importing Assets/Prefabs/Ball_02.prefab using Guid(8c965a0dae9354f4ca375a2cf86a5a9c) Importer(815301076,1909f56bfc062723c751e8b465ee728b)  -> (artifact id: 'fb5dc71208ec94917c3bc9a2cd04383b') in 0.015253 seconds 
  Import took 0.018461 seconds .

========================================================================
Received Import Request.
  Time since last request: 0.000201 seconds.
  path: Assets/Prefabs/Player.prefab
  artifactKey: Guid(6f30eee46f49f244ebda1bc279a4883f) Importer(815301076,1909f56bfc062723c751e8b465ee728b)
Start importing Assets/Prefabs/Player.prefab using Guid(6f30eee46f49f244ebda1bc279a4883f) Importer(815301076,1909f56bfc062723c751e8b465ee728b)  -> (artifact id: '4aeba90d3c05bd91e6aaf12bc4dfdae6') in 0.058042 seconds 
  Import took 0.062166 seconds .

========================================================================
Received Import Request.
  Time since last request: 0.000272 seconds.
  path: Assets/Prefabs/GameManager.prefab
  artifactKey: Guid(97ee9bae078dff547b5ee24a66168e5b) Importer(815301076,1909f56bfc062723c751e8b465ee728b)
Start importing Assets/Prefabs/GameManager.prefab using Guid(97ee9bae078dff547b5ee24a66168e5b) Importer(815301076,1909f56bfc062723c751e8b465ee728b)  -> (artifact id: '7c40daebdf7c7f6c23798c91d42ab737') in 0.009319 seconds 
  Import took 0.011704 seconds .

========================================================================
Received Import Request.
  Time since last request: 0.000210 seconds.
  path: Assets/Prefabs/Background.prefab
  artifactKey: Guid(73de430ccb3523444a390c7e170527e7) Importer(815301076,1909f56bfc062723c751e8b465ee728b)
Start importing Assets/Prefabs/Background.prefab using Guid(73de430ccb3523444a390c7e170527e7) Importer(815301076,1909f56bfc062723c751e8b465ee728b)  -> (artifact id: 'bb03958be1894b1ac347c6ec76f28bf4') in 0.025424 seconds 
  Import took 0.028623 seconds .

========================================================================
Received Import Request.
  Time since last request: 0.000183 seconds.
  path: Assets/Prefabs/PlayerProjectile.prefab
  artifactKey: Guid(52a4769782a883d4d93d779ac4768a8e) Importer(815301076,1909f56bfc062723c751e8b465ee728b)
Start importing Assets/Prefabs/PlayerProjectile.prefab using Guid(52a4769782a883d4d93d779ac4768a8e) Importer(815301076,1909f56bfc062723c751e8b465ee728b)  -> (artifact id: '4d5621fe210d1e5e989ea6eec723022b') in 0.012480 seconds 
  Import took 0.014935 seconds .

========================================================================
Received Import Request.
  Time since last request: 23.355830 seconds.
  path: Assets/Managers/GameManager.cs
  artifactKey: Guid(27f71badb2c1e544ab5d360f1d2ed3bd) Importer(815301076,1909f56bfc062723c751e8b465ee728b)
Start importing Assets/Managers/GameManager.cs using Guid(27f71badb2c1e544ab5d360f1d2ed3bd) Importer(815301076,1909f56bfc062723c751e8b465ee728b)  -> (artifact id: 'e978e2225c33faa9f99ae9f401602838') in 0.004772 seconds 
  Import took 0.007005 seconds .

========================================================================
Received Import Request.
  Time since last request: 0.025133 seconds.
  path: Assets/Managers/GameManager.cs
  artifactKey: Guid(27f71badb2c1e544ab5d360f1d2ed3bd) Importer(815301076,1909f56bfc062723c751e8b465ee728b)
Start importing Assets/Managers/GameManager.cs using Guid(27f71badb2c1e544ab5d360f1d2ed3bd) Importer(815301076,1909f56bfc062723c751e8b465ee728b)  -> (artifact id: 'e978e2225c33faa9f99ae9f401602838') in 0.001940 seconds 
  Import took 0.004406 seconds .

========================================================================
Received Prepare
Registering precompiled user dll's ...
Registered in 0.002729 seconds.
Begin MonoManager ReloadAssembly
Native extension for WindowsStandalone target not found
Native extension for WebGL target not found
Refreshing native plugins compatible for Editor in 0.32 ms, found 2 plugins.
Preloading 0 native plugins for Editor in 0.00 ms.
Mono: successfully reloaded assembly
- Completed reload, in  0.893 seconds
Domain Reload Profiling:
	ReloadAssembly (894ms)
		BeginReloadAssembly (109ms)
			ExecutionOrderSort (0ms)
			DisableScriptedObjects (3ms)
			BackupInstance (0ms)
			ReleaseScriptingObjects (0ms)
			CreateAndSetChildDomain (31ms)
		EndReloadAssembly (736ms)
			LoadAssemblies (69ms)
			RebuildTransferFunctionScriptingTraits (0ms)
			SetupTypeCache (242ms)
			ReleaseScriptCaches (1ms)
			RebuildScriptCaches (32ms)
			SetupLoadedEditorAssemblies (310ms)
				LogAssemblyErrors (0ms)
				InitializePlatformSupportModulesInManaged (5ms)
				SetLoadedEditorAssemblies (0ms)
				RefreshPlugins (0ms)
				BeforeProcessingInitializeOnLoad (60ms)
				ProcessInitializeOnLoadAttributes (238ms)
				ProcessInitializeOnLoadMethodAttributes (3ms)
				AfterProcessingInitializeOnLoad (2ms)
				EditorAssembliesLoaded (0ms)
			ExecutionOrderSort2 (0ms)
			AwakeInstancesAfterBackupRestoration (6ms)
Platform modules already initialized, skipping
Refreshing native plugins compatible for Editor in 0.33 ms, found 2 plugins.
Preloading 0 native plugins for Editor in 0.00 ms.
Unloading 1452 Unused Serialized files (Serialized files now loaded: 0)
System memory in use before: 71.6 MB.
System memory in use after: 71.7 MB.

Unloading 15 unused Assets to reduce memory usage. Loaded Objects now: 1915.
Total: 2.669300 ms (FindLiveObjects: 0.141200 ms CreateObjectMapping: 0.036800 ms MarkObjects: 2.420300 ms  DeleteObjects: 0.070400 ms)

AssetImportParameters requested are different than current active one (requested -> active):
  custom:framework-win-MediaFoundation: 216162199b28c13a410421893ffa2e32 -> 
  custom:video-decoder-ogg-theora: a1e56fd34408186e4bbccfd4996cb3dc -> 
  custom:container-muxer-webm: aa71ff27fc2769a1b78a27578f13a17b -> 
  custom:container-demuxer-webm: 4f35f7cbe854078d1ac9338744f61a02 -> 
  custom:container-demuxer-ogg: 62fdf1f143b41e24485cea50d1cbac27 -> 
  custom:video-encoder-webm-vp8: eb34c28f22e8b96e1ab97ce403110664 -> 
  custom:video-decoder-webm-vp8: 9c59270c3fd7afecdb556c50c9e8de78 -> 
  custom:audio-decoder-ogg-vorbis: bf7c407c2cedff20999df2af8eb42d56 -> 
  custom:audio-encoder-webm-vorbis: bf7c407c2cedff20999df2af8eb42d56 -> 
========================================================================
Received Prepare
Registering precompiled user dll's ...
Registered in 0.002737 seconds.
Begin MonoManager ReloadAssembly
Native extension for WindowsStandalone target not found
Native extension for WebGL target not found
Refreshing native plugins compatible for Editor in 0.34 ms, found 2 plugins.
Preloading 0 native plugins for Editor in 0.00 ms.
Mono: successfully reloaded assembly
- Completed reload, in  0.878 seconds
Domain Reload Profiling:
	ReloadAssembly (879ms)
		BeginReloadAssembly (90ms)
			ExecutionOrderSort (0ms)
			DisableScriptedObjects (4ms)
			BackupInstance (0ms)
			ReleaseScriptingObjects (0ms)
			CreateAndSetChildDomain (29ms)
		EndReloadAssembly (739ms)
			LoadAssemblies (70ms)
			RebuildTransferFunctionScriptingTraits (0ms)
			SetupTypeCache (233ms)
			ReleaseScriptCaches (1ms)
			RebuildScriptCaches (31ms)
			SetupLoadedEditorAssemblies (320ms)
				LogAssemblyErrors (0ms)
				InitializePlatformSupportModulesInManaged (5ms)
				SetLoadedEditorAssemblies (0ms)
				RefreshPlugins (0ms)
				BeforeProcessingInitializeOnLoad (56ms)
				ProcessInitializeOnLoadAttributes (253ms)
				ProcessInitializeOnLoadMethodAttributes (3ms)
				AfterProcessingInitializeOnLoad (2ms)
				EditorAssembliesLoaded (0ms)
			ExecutionOrderSort2 (0ms)
			AwakeInstancesAfterBackupRestoration (6ms)
Platform modules already initialized, skipping
Refreshing native plugins compatible for Editor in 0.35 ms, found 2 plugins.
Preloading 0 native plugins for Editor in 0.00 ms.
Unloading 1452 Unused Serialized files (Serialized files now loaded: 0)
System memory in use before: 71.7 MB.
System memory in use after: 71.8 MB.

Unloading 13 unused Assets to reduce memory usage. Loaded Objects now: 1917.
Total: 2.498700 ms (FindLiveObjects: 0.136900 ms CreateObjectMapping: 0.044400 ms MarkObjects: 2.299700 ms  DeleteObjects: 0.016300 ms)

AssetImportParameters requested are different than current active one (requested -> active):
  custom:framework-win-MediaFoundation: 216162199b28c13a410421893ffa2e32 -> 
  custom:video-decoder-ogg-theora: a1e56fd34408186e4bbccfd4996cb3dc -> 
  custom:container-muxer-webm: aa71ff27fc2769a1b78a27578f13a17b -> 
  custom:container-demuxer-webm: 4f35f7cbe854078d1ac9338744f61a02 -> 
  custom:container-demuxer-ogg: 62fdf1f143b41e24485cea50d1cbac27 -> 
  custom:video-encoder-webm-vp8: eb34c28f22e8b96e1ab97ce403110664 -> 
  custom:video-decoder-webm-vp8: 9c59270c3fd7afecdb556c50c9e8de78 -> 
  custom:audio-decoder-ogg-vorbis: bf7c407c2cedff20999df2af8eb42d56 -> 
  custom:audio-encoder-webm-vorbis: bf7c407c2cedff20999df2af8eb42d56 -> 
========================================================================
Received Import Request.
  Time since last request: 1003.436805 seconds.
  path: Assets/Prefabs/GameManager.prefab
  artifactKey: Guid(97ee9bae078dff547b5ee24a66168e5b) Importer(815301076,1909f56bfc062723c751e8b465ee728b)
Start importing Assets/Prefabs/GameManager.prefab using Guid(97ee9bae078dff547b5ee24a66168e5b) Importer(815301076,1909f56bfc062723c751e8b465ee728b)  -> (artifact id: '9ebc46dbf5f567e3e626f5ead13d934d') in 0.021188 seconds 
  Import took 0.023932 seconds .

========================================================================
Received Import Request.
  Time since last request: 4.479576 seconds.
  path: ProjectSettings/TagManager.asset
  artifactKey: Guid(00000000000000003000000000000000) Importer(815301076,1909f56bfc062723c751e8b465ee728b)
Start importing ProjectSettings/TagManager.asset using Guid(00000000000000003000000000000000) Importer(815301076,1909f56bfc062723c751e8b465ee728b)  -> (artifact id: 'e4a96705b641a199ac05283780c330e3') in 0.008998 seconds 
  Import took 0.011601 seconds .

========================================================================
Received Import Request.
  Time since last request: 8.687531 seconds.
  path: Assets/Prefabs/Canvas.prefab
  artifactKey: Guid(e73f810aa34aaea44a4bcb12e26ea56b) Importer(815301076,1909f56bfc062723c751e8b465ee728b)
Start importing Assets/Prefabs/Canvas.prefab using Guid(e73f810aa34aaea44a4bcb12e26ea56b) Importer(815301076,1909f56bfc062723c751e8b465ee728b)  -> (artifact id: '7daf7e6482753d40117230b158e673c1') in 0.055615 seconds 
  Import took 0.058080 seconds .

========================================================================
Received Import Request.
  Time since last request: 4.693547 seconds.
  path: Assets/Prefabs/Canvas.prefab
  artifactKey: Guid(e73f810aa34aaea44a4bcb12e26ea56b) Importer(815301076,1909f56bfc062723c751e8b465ee728b)
Start importing Assets/Prefabs/Canvas.prefab using Guid(e73f810aa34aaea44a4bcb12e26ea56b) Importer(815301076,1909f56bfc062723c751e8b465ee728b)  -> (artifact id: 'ce1ef8a08cba8fa4f818cadf0389de08') in 0.020594 seconds 
  Import took 0.023399 seconds .

========================================================================
Received Import Request.
  Time since last request: 4.336116 seconds.
  path: Assets/Prefabs/Canvas.prefab
  artifactKey: Guid(e73f810aa34aaea44a4bcb12e26ea56b) Importer(815301076,1909f56bfc062723c751e8b465ee728b)
Start importing Assets/Prefabs/Canvas.prefab using Guid(e73f810aa34aaea44a4bcb12e26ea56b) Importer(815301076,1909f56bfc062723c751e8b465ee728b)  -> (artifact id: '9c3f4ec26ea1343935c1583930b891cb') in 0.021649 seconds 
  Import took 0.024387 seconds .

========================================================================
Received Import Request.
  Time since last request: 3.543609 seconds.
  path: Assets/Prefabs/Canvas.prefab
  artifactKey: Guid(e73f810aa34aaea44a4bcb12e26ea56b) Importer(815301076,1909f56bfc062723c751e8b465ee728b)
Start importing Assets/Prefabs/Canvas.prefab using Guid(e73f810aa34aaea44a4bcb12e26ea56b) Importer(815301076,1909f56bfc062723c751e8b465ee728b)  -> (artifact id: '85a298a08ea7cd2eef6f9cd0341d386c') in 0.021123 seconds 
  Import took 0.024057 seconds .

========================================================================
Received Import Request.
  Time since last request: 4.205714 seconds.
  path: Assets/Prefabs/Canvas.prefab
  artifactKey: Guid(e73f810aa34aaea44a4bcb12e26ea56b) Importer(815301076,1909f56bfc062723c751e8b465ee728b)
Start importing Assets/Prefabs/Canvas.prefab using Guid(e73f810aa34aaea44a4bcb12e26ea56b) Importer(815301076,1909f56bfc062723c751e8b465ee728b)  -> (artifact id: '2f9b678223d05d2e179e369711bf696e') in 0.019539 seconds 
  Import took 0.022192 seconds .

========================================================================
Received Import Request.
  Time since last request: 3.765518 seconds.
  path: Assets/Prefabs/Canvas.prefab
  artifactKey: Guid(e73f810aa34aaea44a4bcb12e26ea56b) Importer(815301076,1909f56bfc062723c751e8b465ee728b)
Start importing Assets/Prefabs/Canvas.prefab using Guid(e73f810aa34aaea44a4bcb12e26ea56b) Importer(815301076,1909f56bfc062723c751e8b465ee728b)  -> (artifact id: '4b2c606738e5be1b4fad36d2c041aaa7') in 0.021193 seconds 
  Import took 0.024190 seconds .

========================================================================
Received Import Request.
  Time since last request: 4.189883 seconds.
  path: Assets/Prefabs/Canvas.prefab
  artifactKey: Guid(e73f810aa34aaea44a4bcb12e26ea56b) Importer(815301076,1909f56bfc062723c751e8b465ee728b)
Start importing Assets/Prefabs/Canvas.prefab using Guid(e73f810aa34aaea44a4bcb12e26ea56b) Importer(815301076,1909f56bfc062723c751e8b465ee728b)  -> (artifact id: '2a210b65eb6ca87cea54a7aa6df6ab37') in 0.020684 seconds 
  Import took 0.023177 seconds .

========================================================================
Received Prepare
Registering precompiled user dll's ...
Registered in 0.002709 seconds.
Begin MonoManager ReloadAssembly
Native extension for WindowsStandalone target not found
Native extension for WebGL target not found
Refreshing native plugins compatible for Editor in 0.31 ms, found 2 plugins.
Preloading 0 native plugins for Editor in 0.00 ms.
Mono: successfully reloaded assembly
- Completed reload, in  0.922 seconds
Domain Reload Profiling:
	ReloadAssembly (923ms)
		BeginReloadAssembly (104ms)
			ExecutionOrderSort (0ms)
			DisableScriptedObjects (4ms)
			BackupInstance (0ms)
			ReleaseScriptingObjects (0ms)
			CreateAndSetChildDomain (29ms)
		EndReloadAssembly (765ms)
			LoadAssemblies (68ms)
			RebuildTransferFunctionScriptingTraits (0ms)
			SetupTypeCache (257ms)
			ReleaseScriptCaches (1ms)
			RebuildScriptCaches (34ms)
			SetupLoadedEditorAssemblies (313ms)
				LogAssemblyErrors (0ms)
				InitializePlatformSupportModulesInManaged (5ms)
				SetLoadedEditorAssemblies (0ms)
				RefreshPlugins (0ms)
				BeforeProcessingInitializeOnLoad (56ms)
				ProcessInitializeOnLoadAttributes (246ms)
				ProcessInitializeOnLoadMethodAttributes (3ms)
				AfterProcessingInitializeOnLoad (2ms)
				EditorAssembliesLoaded (0ms)
			ExecutionOrderSort2 (0ms)
			AwakeInstancesAfterBackupRestoration (5ms)
Platform modules already initialized, skipping
OnLevelWasLoaded was found on GameManager
This message has been deprecated and will be removed in a later version of Unity.
Add a delegate to SceneManager.sceneLoaded instead to get notifications after scene loading has completed

Refreshing native plugins compatible for Editor in 0.33 ms, found 2 plugins.
Preloading 0 native plugins for Editor in 0.00 ms.
Unloading 1452 Unused Serialized files (Serialized files now loaded: 0)
System memory in use before: 71.8 MB.
System memory in use after: 71.9 MB.

Unloading 14 unused Assets to reduce memory usage. Loaded Objects now: 1919.
Total: 2.677200 ms (FindLiveObjects: 0.142300 ms CreateObjectMapping: 0.040300 ms MarkObjects: 2.475500 ms  DeleteObjects: 0.018100 ms)

AssetImportParameters requested are different than current active one (requested -> active):
  custom:framework-win-MediaFoundation: 216162199b28c13a410421893ffa2e32 -> 
  custom:video-decoder-ogg-theora: a1e56fd34408186e4bbccfd4996cb3dc -> 
  custom:container-muxer-webm: aa71ff27fc2769a1b78a27578f13a17b -> 
  custom:container-demuxer-webm: 4f35f7cbe854078d1ac9338744f61a02 -> 
  custom:container-demuxer-ogg: 62fdf1f143b41e24485cea50d1cbac27 -> 
  custom:video-encoder-webm-vp8: eb34c28f22e8b96e1ab97ce403110664 -> 
  custom:video-decoder-webm-vp8: 9c59270c3fd7afecdb556c50c9e8de78 -> 
  custom:audio-decoder-ogg-vorbis: bf7c407c2cedff20999df2af8eb42d56 -> 
  custom:audio-encoder-webm-vorbis: bf7c407c2cedff20999df2af8eb42d56 -> 
AssetImportWorkerClient::OnTransportError - code=2 error=End of file
